{"C:\\Users\\ZacheeIshimwe\\Desktop\\Amalitech\\sap\\Forum-application_Deployed\\srv\\forum-service.js": {"path":"C:\\Users\\ZacheeIshimwe\\Desktop\\Amalitech\\sap\\Forum-application_Deployed\\srv\\forum-service.js","statementMap":{"0":{"start":{"line":2,"column":12},"end":{"line":2,"column":31}},"1":{"start":{"line":4,"column":22},"end":{"line":15,"column":1}},"2":{"start":{"line":5,"column":15},"end":{"line":5,"column":26}},"3":{"start":{"line":6,"column":2},"end":{"line":8,"column":20}},"4":{"start":{"line":10,"column":2},"end":{"line":14,"column":4}},"5":{"start":{"line":17,"column":24},"end":{"line":27,"column":1}},"6":{"start":{"line":18,"column":17},"end":{"line":18,"column":25}},"7":{"start":{"line":19,"column":3},"end":{"line":21,"column":20}},"8":{"start":{"line":22,"column":2},"end":{"line":26,"column":4}},"9":{"start":{"line":29,"column":28},"end":{"line":42,"column":1}},"10":{"start":{"line":30,"column":17},"end":{"line":30,"column":25}},"11":{"start":{"line":31,"column":21},"end":{"line":31,"column":77}},"12":{"start":{"line":32,"column":2},"end":{"line":41,"column":3}},"13":{"start":{"line":33,"column":4},"end":{"line":33,"column":63}},"14":{"start":{"line":35,"column":5},"end":{"line":35,"column":64}},"15":{"start":{"line":36,"column":4},"end":{"line":40,"column":6}},"16":{"start":{"line":44,"column":25},"end":{"line":58,"column":1}},"17":{"start":{"line":45,"column":17},"end":{"line":45,"column":25}},"18":{"start":{"line":46,"column":15},"end":{"line":46,"column":71}},"19":{"start":{"line":47,"column":20},"end":{"line":47,"column":48}},"20":{"start":{"line":47,"column":36},"end":{"line":47,"column":47}},"21":{"start":{"line":49,"column":2},"end":{"line":49,"column":58}},"22":{"start":{"line":49,"column":29},"end":{"line":49,"column":58}},"23":{"start":{"line":50,"column":3},"end":{"line":52,"column":20}},"24":{"start":{"line":53,"column":2},"end":{"line":57,"column":4}},"25":{"start":{"line":60,"column":25},"end":{"line":70,"column":1}},"26":{"start":{"line":61,"column":26},"end":{"line":61,"column":34}},"27":{"start":{"line":62,"column":3},"end":{"line":64,"column":20}},"28":{"start":{"line":65,"column":2},"end":{"line":69,"column":4}},"29":{"start":{"line":72,"column":0},"end":{"line":78,"column":2}},"30":{"start":{"line":73,"column":2},"end":{"line":73,"column":34}},"31":{"start":{"line":74,"column":2},"end":{"line":74,"column":38}},"32":{"start":{"line":75,"column":2},"end":{"line":75,"column":46}},"33":{"start":{"line":76,"column":2},"end":{"line":76,"column":40}},"34":{"start":{"line":77,"column":2},"end":{"line":77,"column":40}},"35":{"start":{"line":81,"column":0},"end":{"line":81,"column":45}},"36":{"start":{"line":82,"column":0},"end":{"line":82,"column":49}},"37":{"start":{"line":83,"column":0},"end":{"line":83,"column":57}},"38":{"start":{"line":84,"column":0},"end":{"line":84,"column":51}},"39":{"start":{"line":85,"column":0},"end":{"line":85,"column":51}}},"fnMap":{"0":{"name":"(anonymous_0)","decl":{"start":{"line":4,"column":22},"end":{"line":4,"column":23}},"loc":{"start":{"line":4,"column":37},"end":{"line":15,"column":1}},"line":4},"1":{"name":"(anonymous_1)","decl":{"start":{"line":17,"column":24},"end":{"line":17,"column":25}},"loc":{"start":{"line":17,"column":39},"end":{"line":27,"column":1}},"line":17},"2":{"name":"(anonymous_2)","decl":{"start":{"line":29,"column":28},"end":{"line":29,"column":29}},"loc":{"start":{"line":29,"column":43},"end":{"line":42,"column":1}},"line":29},"3":{"name":"(anonymous_3)","decl":{"start":{"line":44,"column":25},"end":{"line":44,"column":26}},"loc":{"start":{"line":44,"column":40},"end":{"line":58,"column":1}},"line":44},"4":{"name":"(anonymous_4)","decl":{"start":{"line":47,"column":29},"end":{"line":47,"column":30}},"loc":{"start":{"line":47,"column":36},"end":{"line":47,"column":47}},"line":47},"5":{"name":"(anonymous_5)","decl":{"start":{"line":60,"column":25},"end":{"line":60,"column":26}},"loc":{"start":{"line":60,"column":40},"end":{"line":70,"column":1}},"line":60},"6":{"name":"(anonymous_6)","decl":{"start":{"line":72,"column":17},"end":{"line":72,"column":18}},"loc":{"start":{"line":72,"column":26},"end":{"line":78,"column":1}},"line":72}},"branchMap":{"0":{"loc":{"start":{"line":32,"column":2},"end":{"line":41,"column":3}},"type":"if","locations":[{"start":{"line":32,"column":2},"end":{"line":41,"column":3}},{"start":{"line":34,"column":9},"end":{"line":41,"column":3}}],"line":32},"1":{"loc":{"start":{"line":49,"column":2},"end":{"line":49,"column":58}},"type":"if","locations":[{"start":{"line":49,"column":2},"end":{"line":49,"column":58}},{"start":{},"end":{}}],"line":49}},"s":{"0":3,"1":3,"2":1,"3":1,"4":1,"5":3,"6":1,"7":1,"8":1,"9":3,"10":1,"11":1,"12":1,"13":0,"14":1,"15":1,"16":3,"17":1,"18":1,"19":1,"20":0,"21":1,"22":0,"23":1,"24":1,"25":3,"26":1,"27":1,"28":1,"29":3,"30":4,"31":4,"32":4,"33":4,"34":4,"35":3,"36":3,"37":3,"38":3,"39":3},"f":{"0":1,"1":1,"2":1,"3":1,"4":0,"5":1,"6":4},"b":{"0":[0,1],"1":[0,1]},"_coverageSchema":"1a1c01bbd47fc00a2c39e90264f33305004495a9","hash":"fbea1a97fb93dbb1081fbe9f4295a99149897ee2"}
}
