{"C:\\Users\\TheophileNiyobuzima\\Documents\\GitHub\\forum_app_testing\\srv\\forum-service.js": {"path":"C:\\Users\\TheophileNiyobuzima\\Documents\\GitHub\\forum_app_testing\\srv\\forum-service.js","statementMap":{"0":{"start":{"line":1,"column":12},"end":{"line":1,"column":31}},"1":{"start":{"line":3,"column":0},"end":{"line":90,"column":2}},"2":{"start":{"line":4,"column":29},"end":{"line":4,"column":61}},"3":{"start":{"line":5,"column":2},"end":{"line":18,"column":5}},"4":{"start":{"line":6,"column":19},"end":{"line":6,"column":27}},"5":{"start":{"line":7,"column":15},"end":{"line":7,"column":35}},"6":{"start":{"line":8,"column":4},"end":{"line":12,"column":6}},"7":{"start":{"line":13,"column":4},"end":{"line":17,"column":6}},"8":{"start":{"line":20,"column":2},"end":{"line":33,"column":5}},"9":{"start":{"line":21,"column":19},"end":{"line":21,"column":27}},"10":{"start":{"line":22,"column":15},"end":{"line":22,"column":35}},"11":{"start":{"line":23,"column":4},"end":{"line":27,"column":6}},"12":{"start":{"line":28,"column":4},"end":{"line":32,"column":6}},"13":{"start":{"line":35,"column":2},"end":{"line":51,"column":5}},"14":{"start":{"line":36,"column":19},"end":{"line":36,"column":27}},"15":{"start":{"line":37,"column":4},"end":{"line":37,"column":33}},"16":{"start":{"line":38,"column":15},"end":{"line":38,"column":35}},"17":{"start":{"line":40,"column":23},"end":{"line":40,"column":69}},"18":{"start":{"line":41,"column":4},"end":{"line":50,"column":5}},"19":{"start":{"line":42,"column":6},"end":{"line":42,"column":65}},"20":{"start":{"line":44,"column":6},"end":{"line":44,"column":54}},"21":{"start":{"line":45,"column":6},"end":{"line":49,"column":8}},"22":{"start":{"line":53,"column":2},"end":{"line":72,"column":4}},"23":{"start":{"line":54,"column":17},"end":{"line":54,"column":25}},"24":{"start":{"line":55,"column":15},"end":{"line":55,"column":35}},"25":{"start":{"line":56,"column":17},"end":{"line":56,"column":50}},"26":{"start":{"line":57,"column":21},"end":{"line":59,"column":6}},"27":{"start":{"line":58,"column":6},"end":{"line":58,"column":24}},"28":{"start":{"line":61,"column":4},"end":{"line":61,"column":58}},"29":{"start":{"line":61,"column":30},"end":{"line":61,"column":58}},"30":{"start":{"line":62,"column":4},"end":{"line":66,"column":6}},"31":{"start":{"line":67,"column":4},"end":{"line":71,"column":6}},"32":{"start":{"line":75,"column":2},"end":{"line":89,"column":5}},"33":{"start":{"line":76,"column":27},"end":{"line":76,"column":35}},"34":{"start":{"line":77,"column":15},"end":{"line":77,"column":35}},"35":{"start":{"line":78,"column":18},"end":{"line":82,"column":5}},"36":{"start":{"line":83,"column":4},"end":{"line":83,"column":40}},"37":{"start":{"line":84,"column":4},"end":{"line":88,"column":6}}},"fnMap":{"0":{"name":"(anonymous_0)","decl":{"start":{"line":3,"column":17},"end":{"line":3,"column":18}},"loc":{"start":{"line":3,"column":26},"end":{"line":90,"column":1}},"line":3},"1":{"name":"(anonymous_1)","decl":{"start":{"line":5,"column":19},"end":{"line":5,"column":20}},"loc":{"start":{"line":5,"column":34},"end":{"line":18,"column":3}},"line":5},"2":{"name":"(anonymous_2)","decl":{"start":{"line":20,"column":21},"end":{"line":20,"column":22}},"loc":{"start":{"line":20,"column":36},"end":{"line":33,"column":3}},"line":20},"3":{"name":"(anonymous_3)","decl":{"start":{"line":35,"column":25},"end":{"line":35,"column":26}},"loc":{"start":{"line":35,"column":40},"end":{"line":51,"column":3}},"line":35},"4":{"name":"(anonymous_4)","decl":{"start":{"line":53,"column":22},"end":{"line":53,"column":23}},"loc":{"start":{"line":53,"column":36},"end":{"line":72,"column":3}},"line":53},"5":{"name":"(anonymous_5)","decl":{"start":{"line":57,"column":30},"end":{"line":57,"column":31}},"loc":{"start":{"line":57,"column":37},"end":{"line":59,"column":5}},"line":57},"6":{"name":"(anonymous_6)","decl":{"start":{"line":75,"column":22},"end":{"line":75,"column":23}},"loc":{"start":{"line":75,"column":37},"end":{"line":89,"column":3}},"line":75}},"branchMap":{"0":{"loc":{"start":{"line":41,"column":4},"end":{"line":50,"column":5}},"type":"if","locations":[{"start":{"line":41,"column":4},"end":{"line":50,"column":5}},{"start":{"line":43,"column":11},"end":{"line":50,"column":5}}],"line":41},"1":{"loc":{"start":{"line":61,"column":4},"end":{"line":61,"column":58}},"type":"if","locations":[{"start":{"line":61,"column":4},"end":{"line":61,"column":58}},{"start":{},"end":{}}],"line":61}},"s":{"0":1,"1":1,"2":1,"3":1,"4":1,"5":1,"6":1,"7":0,"8":1,"9":0,"10":0,"11":0,"12":0,"13":1,"14":0,"15":0,"16":0,"17":0,"18":0,"19":0,"20":0,"21":0,"22":1,"23":0,"24":0,"25":0,"26":0,"27":0,"28":0,"29":0,"30":0,"31":0,"32":1,"33":0,"34":0,"35":0,"36":0,"37":0},"f":{"0":1,"1":1,"2":0,"3":0,"4":0,"5":0,"6":0},"b":{"0":[0,0],"1":[0,0]},"_coverageSchema":"1a1c01bbd47fc00a2c39e90264f33305004495a9","hash":"431ecf41048c105df4f667718ae2a28a590e3679"}
}
