TN:
SF:srv\forum-service.js
FN:3,(anonymous_0)
FN:5,(anonymous_1)
FN:20,(anonymous_2)
FN:35,(anonymous_3)
FN:53,(anonymous_4)
FN:57,(anonymous_5)
FN:75,(anonymous_6)
FNF:7
FNH:2
FNDA:1,(anonymous_0)
FNDA:1,(anonymous_1)
FNDA:0,(anonymous_2)
FNDA:0,(anonymous_3)
FNDA:0,(anonymous_4)
FNDA:0,(anonymous_5)
FNDA:0,(anonymous_6)
DA:1,1
DA:3,1
DA:4,1
DA:5,1
DA:6,1
DA:7,1
DA:8,1
DA:13,0
DA:20,1
DA:21,0
DA:22,0
DA:23,0
DA:28,0
DA:35,1
DA:36,0
DA:37,0
DA:38,0
DA:40,0
DA:41,0
DA:42,0
DA:44,0
DA:45,0
DA:53,1
DA:54,0
DA:55,0
DA:56,0
DA:57,0
DA:58,0
DA:61,0
DA:62,0
DA:67,0
DA:75,1
DA:76,0
DA:77,0
DA:78,0
DA:83,0
DA:84,0
LF:37
LH:11
BRDA:41,0,0,0
BRDA:41,0,1,0
BRDA:61,1,0,0
BRDA:61,1,1,0
BRF:4
BRH:0
end_of_record
