TN:
SF:srv\forum-service.js
FN:4,(anonymous_0)
FN:17,(anonymous_1)
FN:29,(anonymous_2)
FN:44,(anonymous_3)
FN:47,(anonymous_4)
FN:60,(anonymous_5)
FN:72,(anonymous_6)
FNF:7
FNH:6
FNDA:1,(anonymous_0)
FNDA:1,(anonymous_1)
FNDA:1,(anonymous_2)
FNDA:1,(anonymous_3)
FNDA:0,(anonymous_4)
FNDA:1,(anonymous_5)
FNDA:4,(anonymous_6)
DA:2,3
DA:4,3
DA:5,1
DA:6,1
DA:10,1
DA:17,3
DA:18,1
DA:19,1
DA:22,1
DA:29,3
DA:30,1
DA:31,1
DA:32,1
DA:33,0
DA:35,1
DA:36,1
DA:44,3
DA:45,1
DA:46,1
DA:47,1
DA:49,1
DA:50,1
DA:53,1
DA:60,3
DA:61,1
DA:62,1
DA:65,1
DA:72,3
DA:73,4
DA:74,4
DA:75,4
DA:76,4
DA:77,4
DA:81,3
DA:82,3
DA:83,3
DA:84,3
DA:85,3
LF:38
LH:37
BRDA:32,0,0,0
BRDA:32,0,1,1
BRDA:49,1,0,0
BRDA:49,1,1,1
BRF:4
BRH:2
end_of_record
